<?xml version="1.0" encoding="UTF-8"?>
<!-- Generated by org.testng.reporters.JUnitXMLReporter -->
<testsuite ignored="0" hostname="DESKTOP-V0QFLPA" failures="0" tests="7" name="Default test" time="11.102" errors="0" timestamp="2024-09-11T15:20:52 IST">
  <testcase classname="TestLoginFunctionality" name="testvalidCredentials" time="4.912"/>
  <testcase classname="TestLoginFunctionality" name="testInvalidPassword" time="1.328"/>
  <testcase classname="TestLoginFunctionality" name="testInvalidEmail" time="0.908"/>
  <testcase classname="TestLoginFunctionality" name="testBothInvalidCredentials" time="0.884"/>
  <testcase classname="TestLoginFunctionality" name="testEmptyEmail" time="0.437"/>
  <testcase classname="TestLoginFunctionality" name="testEmptyPassword" time="0.453"/>
  <testcase classname="TestLoginFunctionality" name="testBothEmptyFields" time="0.577"/>
</testsuite> <!-- Default test -->
